<?xml version="1.0" encoding="UTF-8"?>
<testng-results ignored="0" total="1" passed="1" failed="0" skipped="0">
  <reporter-output>
  </reporter-output>
  <suite started-at="2020-12-11T19:31:01 IST" name="Default suite" finished-at="2020-12-11T19:31:01 IST" duration-ms="84">
    <groups>
    </groups>
    <test started-at="2020-12-11T19:31:01 IST" name="Default test" finished-at="2020-12-11T19:31:01 IST" duration-ms="84">
      <class name="ecom.selenium.tests.selenium.test.AppTest">
        <test-method signature="shouldAnswerWithTrue()[pri:0, instance:ecom.selenium.tests.selenium.test.AppTest@b62fe6d]" started-at="2020-12-11T19:31:01 IST" name="shouldAnswerWithTrue" finished-at="2020-12-11T19:31:01 IST" duration-ms="24" status="PASS">
          <reporter-output>
          </reporter-output>
        </test-method> <!-- shouldAnswerWithTrue -->
      </class> <!-- ecom.selenium.tests.selenium.test.AppTest -->
    </test> <!-- Default test -->
  </suite> <!-- Default suite -->
</testng-results>
